<?xml version="1.0" encoding="UTF-8"?>
<!-- Generated by org.testng.reporters.JUnitReportReporter -->
<testsuite hostname="LAPTOP-7A6BVKFP" failures="0" tests="1" name="Pages.loginPageTest" time="3.489" errors="0" timestamp="2022-06-12T01:34:51 IST" skipped="0">
  <testcase classname="Pages.loginPageTest" name="loginPerformTest" time="3.489"/>
  <system-out>
    <![CDATA[Login Test Start
Login Test End]]>
  </system-out>
</testsuite> <!-- Pages.loginPageTest -->
